<?xml version="1.0" encoding="UTF-8"?>
<!-- Generated by org.testng.reporters.JUnitReportReporter -->
<testsuite hostname="DESKTOP-TQOT31I" failures="0" tests="2" name="Day3.ForgetPasword" time="0.009" errors="0" timestamp="2023-02-03T20:18:48 IST" skipped="0">
  <testcase classname="Day3.ForgetPasword" name="ForgetPswwithId" time="0.003"/>
  <system-out/>
  <testcase classname="Day3.ForgetPasword" name="ForgetPswwithNo" time="0.006"/>
  <system-out/>
</testsuite> <!-- Day3.ForgetPasword -->
