<?xml version="1.0" encoding="UTF-8"?>
<!-- Generated by org.testng.reporters.JUnitReportReporter -->
<testsuite hostname="DESKTOP-TQOT31I" failures="0" tests="3" name="Day2.Login" time="0.014" errors="0" timestamp="2023-02-03T20:18:48 IST" skipped="0">
  <testcase classname="Day2.Login" name="InValidLogin" time="0.003"/>
  <system-out/>
  <testcase classname="Day2.Login" name="BlankLogin" time="0.007"/>
  <system-out/>
  <testcase classname="Day2.Login" name="ValidLogin" time="0.004"/>
  <system-out/>
</testsuite> <!-- Day2.Login -->
