<?xml version="1.0" encoding="UTF-8"?>
<!-- Generated by org.testng.reporters.JUnitReportReporter -->
<testsuite hostname="DESKTOP-TQOT31I" failures="0" tests="2" name="Day1.Registration" time="0.134" errors="0" timestamp="2023-02-03T20:18:48 IST" skipped="0">
  <testcase classname="Day1.Registration" name="Regist_1" time="0.129"/>
  <system-out/>
  <testcase classname="Day1.Registration" name="Regist_2" time="0.005"/>
  <system-out/>
</testsuite> <!-- Day1.Registration -->
