<?xml version="1.0" encoding="UTF-8"?>
<!-- Generated by org.testng.reporters.JUnitReportReporter -->
<testsuite hostname="DESKTOP-TQOT31I" failures="0" tests="5" name="FunctionalTest.Payment" time="0.026" errors="0" timestamp="2023-02-16T20:33:57 IST" skipped="0">
  <testcase classname="FunctionalTest.Payment" name="verifyElectronicItemsPayment" time="0.006"/>
  <system-out/>
  <testcase classname="FunctionalTest.Payment" name="verifyNetBanking" time="0.005"/>
  <system-out/>
  <testcase classname="FunctionalTest.Payment" name="verifyCreditcardPayment" time="0.004"/>
  <system-out/>
  <testcase classname="FunctionalTest.Payment" name="verifyDebitcardPayment" time="0.007"/>
  <system-out/>
  <testcase classname="FunctionalTest.Payment" name="verifyUPIPayment" time="0.004"/>
  <system-out/>
</testsuite> <!-- FunctionalTest.Payment -->
