<?xml version="1.0" encoding="UTF-8"?>
<!-- Generated by org.testng.reporters.JUnitReportReporter -->
<testsuite hostname="DESKTOP-TQOT31I" failures="0" tests="3" name="sanityTest.HomepageTest" time="0.017" errors="0" timestamp="2023-02-16T20:33:57 IST" skipped="0">
  <testcase classname="sanityTest.HomepageTest" name="verifyItems" time="0.009"/>
  <system-out/>
  <testcase classname="sanityTest.HomepageTest" name="verifySearchButton" time="0.004"/>
  <system-out/>
  <testcase classname="sanityTest.HomepageTest" name="verifySignInButton" time="0.004"/>
  <system-out/>
</testsuite> <!-- sanityTest.HomepageTest -->
