<?xml version="1.0" encoding="UTF-8"?>
<!-- Generated by org.testng.reporters.JUnitReportReporter -->
<testsuite hostname="DESKTOP-TQOT31I" failures="0" tests="4" name="FunctionalTest.Product" time="0.129" errors="0" timestamp="2023-02-16T20:33:57 IST" skipped="0">
  <testcase classname="FunctionalTest.Product" name="verifyElectronicItems" time="0.119"/>
  <system-out/>
  <testcase classname="FunctionalTest.Product" name="verifyGrocery" time="0.004"/>
  <system-out/>
  <testcase classname="FunctionalTest.Product" name="verifyKitchenApplience" time="0.004"/>
  <system-out/>
  <testcase classname="FunctionalTest.Product" name="verifyHomeDecor" time="0.002"/>
  <system-out/>
</testsuite> <!-- FunctionalTest.Product -->
