<?xml version="1.0" encoding="UTF-8"?>
<!-- Generated by org.testng.reporters.JUnitReportReporter -->
<testsuite hostname="DESKTOP-TQOT31I" failures="0" tests="4" name="FunctionalTest.Product" time="0.116" errors="0" timestamp="2023-02-17T20:10:12 IST" skipped="0">
  <testcase classname="FunctionalTest.Product" name="verifyKitchenApplience" time="0.003"/>
  <system-out/>
  <testcase classname="FunctionalTest.Product" name="verifyElectronicItems" time="0.104"/>
  <system-out/>
  <testcase classname="FunctionalTest.Product" name="verifyHomeDecor" time="0.003"/>
  <system-out/>
  <testcase classname="FunctionalTest.Product" name="verifyGrocery" time="0.006"/>
  <system-out/>
</testsuite> <!-- FunctionalTest.Product -->
