<?xml version="1.0" encoding="UTF-8"?>
<!-- Generated by org.testng.reporters.JUnitReportReporter -->
<testsuite hostname="DESKTOP-TQOT31I" failures="0" tests="3" name="sanityTest.HomepageTest" time="0.010" errors="0" timestamp="2023-02-17T20:10:12 IST" skipped="0">
  <testcase classname="sanityTest.HomepageTest" name="verifySignInButton" time="0.003"/>
  <system-out/>
  <testcase classname="sanityTest.HomepageTest" name="verifyItems" time="0.004"/>
  <system-out/>
  <testcase classname="sanityTest.HomepageTest" name="verifySearchButton" time="0.003"/>
  <system-out/>
</testsuite> <!-- sanityTest.HomepageTest -->
